<?xml version="1.0" encoding="UTF-8"?>
<!-- Generated by org.testng.reporters.JUnitXMLReporter -->
<testsuite ignored="0" hostname="DESKTOP-HOFM65N" failures="0" tests="5" name="Login functionality (Invalid data)" time="15.401" errors="0" timestamp="2021-02-10T22:47:55 EET">
  <testcase classname="zeroBankTests.LoginInvalid" name="loginInvalid" time="0.864"/>
  <testcase classname="zeroBankTests.LoginInvalid" name="loginInvalid" time="0.789"/>
  <testcase classname="zeroBankTests.LoginInvalid" name="loginInvalid" time="0.818"/>
  <testcase classname="zeroBankTests.LoginInvalid" name="loginInvalid" time="0.847"/>
  <testcase classname="zeroBankTests.LoginInvalid" name="loginInvalid" time="0.862"/>
</testsuite> <!-- Login functionality (Invalid data) -->
