<?xml version="1.0" encoding="UTF-8"?>
<!-- Generated by org.testng.reporters.JUnitXMLReporter -->
<testsuite ignored="0" hostname="NUV-5CG1152V3W" failures="0" tests="2" name="Add / Remove Items tests" time="12.598" errors="0" timestamp="2023-01-25T17:41:39 EET">
  <testcase classname="ShoppingTests.TESTS_ShoppingCartAddRemoveItems" name="t1_shoppingCartVerificationAndRemoveProducts" time="6.247"/>
  <testcase classname="ShoppingTests.TESTS_ShoppingCartAddRemoveItems" name="t2_shopingCart_AddMultipleItemsVerification" time="4.952"/>
</testsuite> <!-- Add / Remove Items tests -->
