<?xml version="1.0" encoding="UTF-8"?>
<!-- Generated by org.testng.reporters.JUnitXMLReporter -->
<testsuite ignored="2" hostname="NUV-5CG1152V3W" failures="0" tests="1" name="Purchase with country having VAT" time="20.739" errors="0" timestamp="2023-01-25T13:59:43 EET">
  <testcase classname="ShoppingTests.TESTS_ShoppingCartInlcudingVAT" name="CheckoutItem_With_VAT" time="19.725"/>
  <testcase classname="ShoppingTests.TESTS_ShoppingCartInlcudingVAT" name="ggg" time="0.0">
    <ignored/>
  </testcase> <!-- ggg -->
  <testcase classname="ShoppingTests.TESTS_ShoppingCartInlcudingVAT" name="TBD" time="0.0">
    <ignored/>
  </testcase> <!-- TBD -->
</testsuite> <!-- Purchase with country having VAT -->
