<?xml version="1.0" encoding="UTF-8"?>
<!-- Generated by org.testng.reporters.JUnitXMLReporter -->
<testsuite ignored="0" hostname="NUV-5CG1152V3W" failures="0" tests="1" name="Purchase - Registered Account from country Not having VAT" time="29.141" errors="0" timestamp="2023-01-25T17:42:29 EET">
  <testcase classname="ShoppingTests.TESTS_PurchaseRegisteredAccount_NO_VAT" name="CheckoutItem_Without_VAT" time="27.65"/>
</testsuite> <!-- Purchase - Registered Account from country Not having VAT -->
