<?xml version="1.0" encoding="UTF-8"?>
<!-- Generated by org.testng.reporters.JUnitXMLReporter -->
<testsuite ignored="2" hostname="NUV-5CG1152V3W" failures="0" tests="1" name="Purchase - Guest Account from country having VAT" time="19.005" errors="0" timestamp="2023-01-25T17:43:18 EET">
  <testcase classname="ShoppingTests.TESTS_PurchaseGuest_VAT" name="CheckoutItem_With_VAT" time="17.497"/>
  <testcase classname="ShoppingTests.TESTS_PurchaseGuest_VAT" name="TBD" time="0.0">
    <ignored/>
  </testcase> <!-- TBD -->
  <testcase classname="ShoppingTests.TESTS_PurchaseGuest_VAT" name="ggg" time="0.0">
    <ignored/>
  </testcase> <!-- ggg -->
</testsuite> <!-- Purchase - Guest Account from country having VAT -->
