<?xml version="1.0" encoding="UTF-8"?>
<!-- Generated by org.testng.reporters.JUnitXMLReporter -->
<testsuite ignored="4" hostname="DESKTOP-HOFM65N" failures="1" tests="8" name="Test" time="49.405" errors="0" timestamp="2021-02-16T10:32:39 EET">
  <testcase classname="zeroBankTests.LoginValid" name="loginValid" time="3.965"/>
  <testcase classname="zeroBankTests.LoginInvalid" name="loginInvalid" time="0.997"/>
  <testcase classname="zeroBankTests.LoginInvalid" name="loginInvalid" time="0.845"/>
  <testcase classname="zeroBankTests.LoginInvalid" name="loginInvalid" time="0.877"/>
  <testcase classname="zeroBankTests.LoginInvalid" name="loginInvalid" time="0.867"/>
  <testcase classname="zeroBankTests.LoginInvalid" name="loginInvalid" time="0.88"/>
  <testcase classname="zeroBankTests.AccountSummaryCreditCardAccounts" name="CreditCardVerfyValid" time="3.293"/>
  <testcase classname="zeroBankTests.AccountSummaryCreditCardAccounts" name="CreditCardVerfyInvalid" time="0.035">
    <failure type="java.lang.AssertionError" message="expected [VISA 4485-5368-3381-1111] but found [VISA 4485-5368-3381-1879]">
      <![CDATA[java.lang.AssertionError: expected [VISA 4485-5368-3381-1111] but found [VISA 4485-5368-3381-1879]
at zeroBankTests.AccountSummaryCreditCardAccounts.CreditCardVerfyInvalid(AccountSummaryCreditCardAccounts.java:78)
at java.base/java.util.ArrayList.forEach(ArrayList.java:1511)
... Removed 33 stack frames]]>
    </failure>
  </testcase> <!-- CreditCardVerfyInvalid -->
  <testcase classname="ZeroBankUtils.base" name="@AfterSuite afterSuite" time="0.0">
    <ignored/>
  </testcase> <!-- @AfterSuite afterSuite -->
  <testcase classname="ZeroBankUtils.base" name="@AfterSuite afterSuite" time="0.0">
    <ignored/>
  </testcase> <!-- @AfterSuite afterSuite -->
  <testcase classname="ZeroBankUtils.base" name="@BeforeSuite beforeSuite" time="0.0">
    <ignored/>
  </testcase> <!-- @BeforeSuite beforeSuite -->
  <testcase classname="ZeroBankUtils.base" name="@BeforeSuite beforeSuite" time="0.0">
    <ignored/>
  </testcase> <!-- @BeforeSuite beforeSuite -->
</testsuite> <!-- Test -->
