<?xml version="1.0" encoding="UTF-8"?>
<testng-results ignored="0" total="1" passed="1" failed="0" skipped="0">
  <reporter-output>
    <line>
      <![CDATA[]]>
    </line>
    <line>
      <![CDATA[FIREFOX is Initialised]]>
    </line>
    <line>
      <![CDATA[Successfully opened url 'https://ecommerce-playground.lambdatest.io/index.php?route=common/home']]>
    </line>
    <line>
      <![CDATA[ Enter value : Iphone]]>
    </line>
    <line>
      <![CDATA[Successfully click on element ]]>
    </line>
    <line>
      <![CDATA[Successfully click on element Guest Checkout]]>
    </line>
    <line>
      <![CDATA[ Enter value : testFNbsteh]]>
    </line>
    <line>
      <![CDATA[ Enter value : testLNhpfaj]]>
    </line>
    <line>
      <![CDATA[ Enter value : testEmailtfodl@mm.com]]>
    </line>
    <line>
      <![CDATA[ Enter value : +359123456789]]>
    </line>
    <line>
      <![CDATA[ Enter value : CompanyTestrpo]]>
    </line>
    <line>
      <![CDATA[ Enter value : address1_wixty]]>
    </line>
    <line>
      <![CDATA[ Enter value : address1_wixty]]>
    </line>
    <line>
      <![CDATA[ Enter value : 1111]]>
    </line>
    <line>
      <![CDATA[ Enter value : Sofia]]>
    </line>
    <line>
      <![CDATA[Successfully click on element   --- Please Select ---
 Aaland Islands
 Afghanistan
 Albania
 Algeria
 American Samoa
 Andorra
 Angola
 Anguilla
 Antarctica
 Antigua and Barbuda
 Argentina
 Armenia
 Aruba
 Ascension Island (British)
 Australia
 Austria
 Azerbaijan
 Bahamas
 Bahrain
 Bangladesh
 Barbados
 Belarus
 Belgium
 Belize
 Benin
 Bermuda
 Bhutan
 Bolivia
 Bonaire, Sint Eustatius and Saba
 Bosnia and Herzegovina
 Botswana
 Bouvet Island
 Brazil
 British Indian Ocean Territory
 Brunei Darussalam
 Bulgaria
 Burkina Faso
 Burundi
 Cambodia
 Cameroon
 Canada
 Canary Islands
 Cape Verde
 Cayman Islands
 Central African Republic
 Chad
 Chile
 China
 Christmas Island
 Cocos (Keeling) Islands
 Colombia
 Comoros
 Congo
 Cook Islands
 Costa Rica
 Cote D'Ivoire
 Croatia
 Cuba
 Curacao
 Cyprus
 Czech Republic
 Democratic Republic of Congo
 Denmark
 Djibouti
 Dominica
 Dominican Republic
 East Timor
 Ecuador
 Egypt
 El Salvador
 Equatorial Guinea
 Eritrea
 Estonia
 Ethiopia
 Falkland Islands (Malvinas)
 Faroe Islands
 Fiji
 Finland
 France, Metropolitan
 French Guiana
 French Polynesia
 French Southern Territories
 FYROM
 Gabon
 Gambia
 Georgia
 Germany
 Ghana
 Gibraltar
 Greece
 Greenland
 Grenada
 Guadeloupe
 Guam
 Guatemala
 Guernsey
 Guinea
 Guinea-Bissau
 Guyana
 Haiti
 Heard and Mc Donald Islands
 Honduras
 Hong Kong
 Hungary
 Iceland
 India
 Indonesia
 Iran (Islamic Republic of)
 Iraq
 Ireland
 Isle of Man
 Israel
 Italy
 Jamaica
 Japan
 Jersey
 Jordan
 Kazakhstan
 Kenya
 Kiribati
 Kosovo, Republic of
 Kuwait
 Kyrgyzstan
 Lao People's Democratic Republic
 Latvia
 Lebanon
 Lesotho
 Liberia
 Libyan Arab Jamahiriya
 Liechtenstein
 Lithuania
 Luxembourg
 Macau
 Madagascar
 Malawi
 Malaysia
 Maldives
 Mali
 Malta
 Marshall Islands
 Martinique
 Mauritania
 Mauritius
 Mayotte
 Mexico
 Micronesia, Federated States of
 Moldova, Republic of
 Monaco
 Mongolia
 Montenegro
 Montserrat
 Morocco
 Mozambique
 Myanmar
 Namibia
 Nauru
 Nepal
 Netherlands
 Netherlands Antilles
 New Caledonia
 New Zealand
 Nicaragua
 Niger
 Nigeria
 Niue
 Norfolk Island
 North Korea
 Northern Mariana Islands
 Norway
 Oman
 Pakistan
 Palau
 Palestinian Territory, Occupied
 Panama
 Papua New Guinea
 Paraguay
 Peru
 Philippines
 Pitcairn
 Poland
 Portugal
 Puerto Rico
 Qatar
 Reunion
 Romania
 Russian Federation
 Rwanda
 Saint Kitts and Nevis
 Saint Lucia
 Saint Vincent and the Grenadines
 Samoa
 San Marino
 Sao Tome and Principe
 Saudi Arabia
 Senegal
 Serbia
 Seychelles
 Sierra Leone
 Singapore
 Slovak Republic
 Slovenia
 Solomon Islands
 Somalia
 South Africa
 South Georgia & South Sandwich Islands
 South Korea
 South Sudan
 Spain
 Sri Lanka
 St. Barthelemy
 St. Helena
 St. Martin (French part)
 St. Pierre and Miquelon
 Sudan
 Suriname
 Svalbard and Jan Mayen Islands
 Swaziland
 Sweden
 Switzerland
 Syrian Arab Republic
 Taiwan
 Tajikistan
 Tanzania, United Republic of
 Thailand
 Togo
 Tokelau
 Tonga
 Trinidad and Tobago
 Tristan da Cunha
 Tunisia
 Turkey
 Turkmenistan
 Turks and Caicos Islands
 Tuvalu
 Uganda
 Ukraine
 United Arab Emirates
 United Kingdom
 United States
 United States Minor Outlying Islands
 Uruguay
 Uzbekistan
 Vanuatu
 Vatican City State (Holy See)
 Venezuela
 Viet Nam
 Virgin Islands (British)
 Virgin Islands (U.S.)
 Wallis and Futuna Islands
 Western Sahara
 Yemen
 Zambia
 Zimbabwe
 ]]>
    </line>
    <line>
      <![CDATA[Successfully click on element Bulgaria]]>
    </line>
    <line>
      <![CDATA[Successfully click on element --- Please Select ---
Blagoevgrad
Burgas
Dobrich
Gabrovo
Haskovo
Kardjali
Kyustendil
Lovech
Montana
Pazardjik
Pernik
Pleven
Plovdiv
Razgrad
Ruse
Shumen
Silistra
Sliven
Smolyan
Sofia
Sofia - town
Stara Zagora
Targovishte
Varna
Veliko Tarnovo
Vidin
Vratza
Yambol]]>
    </line>
    <line>
      <![CDATA[Successfully click on element Sofia]]>
    </line>
    <line>
      <![CDATA[Successfully click on element ]]>
    </line>
    <line>
      <![CDATA[Successfully click on element ]]>
    </line>
    <line>
      <![CDATA[Successfully click on element Continue]]>
    </line>
    <line>
      <![CDATA[Successfully click on element Confirm Order]]>
    </line>
    <line>
      <![CDATA[Driver quit]]>
    </line>
    <line>
      <![CDATA[Duration of Suite is : 46 sec.]]>
    </line>
  </reporter-output>
  <suite started-at="2023-05-29T19:31:54 EEST" name="Default suite" finished-at="2023-05-29T19:32:41 EEST" duration-ms="46957">
    <groups>
    </groups>
    <test started-at="2023-05-29T19:31:54 EEST" name="Default test" finished-at="2023-05-29T19:32:41 EEST" duration-ms="46957">
      <class name="ShoppingTests.TESTS_PurchaseGuest_NO_VAT">
        <test-method is-config="true" signature="beforeSuite()[pri:0, instance:ShoppingTests.TESTS_PurchaseGuest_NO_VAT@6356695f]" started-at="2023-05-29T19:31:54 EEST" name="beforeSuite" finished-at="2023-05-29T19:31:54 EEST" duration-ms="9" status="PASS">
          <reporter-output>
            <line>
              <![CDATA[]]>
            </line>
          </reporter-output>
        </test-method> <!-- beforeSuite -->
        <test-method is-config="true" signature="beforeClass()[pri:0, instance:ShoppingTests.TESTS_PurchaseGuest_NO_VAT@6356695f]" started-at="2023-05-29T19:31:54 EEST" name="beforeClass" finished-at="2023-05-29T19:31:56 EEST" duration-ms="2111" status="PASS">
          <reporter-output>
            <line>
              <![CDATA[FIREFOX is Initialised]]>
            </line>
          </reporter-output>
        </test-method> <!-- beforeClass -->
        <test-method signature="GuestCheckoutItem_Without_VAT()[pri:0, instance:ShoppingTests.TESTS_PurchaseGuest_NO_VAT@6356695f]" started-at="2023-05-29T19:31:56 EEST" name="GuestCheckoutItem_Without_VAT" description="This test search for product then do a checkout by selection of country without VAT" finished-at="2023-05-29T19:32:41 EEST" duration-ms="44823" status="PASS">
          <reporter-output>
            <line>
              <![CDATA[Successfully opened url 'https://ecommerce-playground.lambdatest.io/index.php?route=common/home']]>
            </line>
            <line>
              <![CDATA[ Enter value : Iphone]]>
            </line>
            <line>
              <![CDATA[Successfully click on element ]]>
            </line>
            <line>
              <![CDATA[Successfully click on element Guest Checkout]]>
            </line>
            <line>
              <![CDATA[ Enter value : testFNbsteh]]>
            </line>
            <line>
              <![CDATA[ Enter value : testLNhpfaj]]>
            </line>
            <line>
              <![CDATA[ Enter value : testEmailtfodl@mm.com]]>
            </line>
            <line>
              <![CDATA[ Enter value : +359123456789]]>
            </line>
            <line>
              <![CDATA[ Enter value : CompanyTestrpo]]>
            </line>
            <line>
              <![CDATA[ Enter value : address1_wixty]]>
            </line>
            <line>
              <![CDATA[ Enter value : address1_wixty]]>
            </line>
            <line>
              <![CDATA[ Enter value : 1111]]>
            </line>
            <line>
              <![CDATA[ Enter value : Sofia]]>
            </line>
            <line>
              <![CDATA[Successfully click on element   --- Please Select ---
 Aaland Islands
 Afghanistan
 Albania
 Algeria
 American Samoa
 Andorra
 Angola
 Anguilla
 Antarctica
 Antigua and Barbuda
 Argentina
 Armenia
 Aruba
 Ascension Island (British)
 Australia
 Austria
 Azerbaijan
 Bahamas
 Bahrain
 Bangladesh
 Barbados
 Belarus
 Belgium
 Belize
 Benin
 Bermuda
 Bhutan
 Bolivia
 Bonaire, Sint Eustatius and Saba
 Bosnia and Herzegovina
 Botswana
 Bouvet Island
 Brazil
 British Indian Ocean Territory
 Brunei Darussalam
 Bulgaria
 Burkina Faso
 Burundi
 Cambodia
 Cameroon
 Canada
 Canary Islands
 Cape Verde
 Cayman Islands
 Central African Republic
 Chad
 Chile
 China
 Christmas Island
 Cocos (Keeling) Islands
 Colombia
 Comoros
 Congo
 Cook Islands
 Costa Rica
 Cote D'Ivoire
 Croatia
 Cuba
 Curacao
 Cyprus
 Czech Republic
 Democratic Republic of Congo
 Denmark
 Djibouti
 Dominica
 Dominican Republic
 East Timor
 Ecuador
 Egypt
 El Salvador
 Equatorial Guinea
 Eritrea
 Estonia
 Ethiopia
 Falkland Islands (Malvinas)
 Faroe Islands
 Fiji
 Finland
 France, Metropolitan
 French Guiana
 French Polynesia
 French Southern Territories
 FYROM
 Gabon
 Gambia
 Georgia
 Germany
 Ghana
 Gibraltar
 Greece
 Greenland
 Grenada
 Guadeloupe
 Guam
 Guatemala
 Guernsey
 Guinea
 Guinea-Bissau
 Guyana
 Haiti
 Heard and Mc Donald Islands
 Honduras
 Hong Kong
 Hungary
 Iceland
 India
 Indonesia
 Iran (Islamic Republic of)
 Iraq
 Ireland
 Isle of Man
 Israel
 Italy
 Jamaica
 Japan
 Jersey
 Jordan
 Kazakhstan
 Kenya
 Kiribati
 Kosovo, Republic of
 Kuwait
 Kyrgyzstan
 Lao People's Democratic Republic
 Latvia
 Lebanon
 Lesotho
 Liberia
 Libyan Arab Jamahiriya
 Liechtenstein
 Lithuania
 Luxembourg
 Macau
 Madagascar
 Malawi
 Malaysia
 Maldives
 Mali
 Malta
 Marshall Islands
 Martinique
 Mauritania
 Mauritius
 Mayotte
 Mexico
 Micronesia, Federated States of
 Moldova, Republic of
 Monaco
 Mongolia
 Montenegro
 Montserrat
 Morocco
 Mozambique
 Myanmar
 Namibia
 Nauru
 Nepal
 Netherlands
 Netherlands Antilles
 New Caledonia
 New Zealand
 Nicaragua
 Niger
 Nigeria
 Niue
 Norfolk Island
 North Korea
 Northern Mariana Islands
 Norway
 Oman
 Pakistan
 Palau
 Palestinian Territory, Occupied
 Panama
 Papua New Guinea
 Paraguay
 Peru
 Philippines
 Pitcairn
 Poland
 Portugal
 Puerto Rico
 Qatar
 Reunion
 Romania
 Russian Federation
 Rwanda
 Saint Kitts and Nevis
 Saint Lucia
 Saint Vincent and the Grenadines
 Samoa
 San Marino
 Sao Tome and Principe
 Saudi Arabia
 Senegal
 Serbia
 Seychelles
 Sierra Leone
 Singapore
 Slovak Republic
 Slovenia
 Solomon Islands
 Somalia
 South Africa
 South Georgia & South Sandwich Islands
 South Korea
 South Sudan
 Spain
 Sri Lanka
 St. Barthelemy
 St. Helena
 St. Martin (French part)
 St. Pierre and Miquelon
 Sudan
 Suriname
 Svalbard and Jan Mayen Islands
 Swaziland
 Sweden
 Switzerland
 Syrian Arab Republic
 Taiwan
 Tajikistan
 Tanzania, United Republic of
 Thailand
 Togo
 Tokelau
 Tonga
 Trinidad and Tobago
 Tristan da Cunha
 Tunisia
 Turkey
 Turkmenistan
 Turks and Caicos Islands
 Tuvalu
 Uganda
 Ukraine
 United Arab Emirates
 United Kingdom
 United States
 United States Minor Outlying Islands
 Uruguay
 Uzbekistan
 Vanuatu
 Vatican City State (Holy See)
 Venezuela
 Viet Nam
 Virgin Islands (British)
 Virgin Islands (U.S.)
 Wallis and Futuna Islands
 Western Sahara
 Yemen
 Zambia
 Zimbabwe
 ]]>
            </line>
            <line>
              <![CDATA[Successfully click on element Bulgaria]]>
            </line>
            <line>
              <![CDATA[Successfully click on element --- Please Select ---
Blagoevgrad
Burgas
Dobrich
Gabrovo
Haskovo
Kardjali
Kyustendil
Lovech
Montana
Pazardjik
Pernik
Pleven
Plovdiv
Razgrad
Ruse
Shumen
Silistra
Sliven
Smolyan
Sofia
Sofia - town
Stara Zagora
Targovishte
Varna
Veliko Tarnovo
Vidin
Vratza
Yambol]]>
            </line>
            <line>
              <![CDATA[Successfully click on element Sofia]]>
            </line>
            <line>
              <![CDATA[Successfully click on element ]]>
            </line>
            <line>
              <![CDATA[Successfully click on element ]]>
            </line>
            <line>
              <![CDATA[Successfully click on element Continue]]>
            </line>
            <line>
              <![CDATA[Successfully click on element Confirm Order]]>
            </line>
          </reporter-output>
        </test-method> <!-- GuestCheckoutItem_Without_VAT -->
        <test-method is-config="true" signature="afterClass()[pri:0, instance:ShoppingTests.TESTS_PurchaseGuest_NO_VAT@6356695f]" started-at="2023-05-29T19:32:41 EEST" name="afterClass" finished-at="2023-05-29T19:32:41 EEST" duration-ms="0" status="PASS">
          <reporter-output>
          </reporter-output>
        </test-method> <!-- afterClass -->
        <test-method is-config="true" signature="afterSuite()[pri:0, instance:ShoppingTests.TESTS_PurchaseGuest_NO_VAT@6356695f]" started-at="2023-05-29T19:32:41 EEST" name="afterSuite" finished-at="2023-05-29T19:32:41 EEST" duration-ms="1" status="PASS">
          <reporter-output>
            <line>
              <![CDATA[Driver quit]]>
            </line>
            <line>
              <![CDATA[Duration of Suite is : 46 sec.]]>
            </line>
          </reporter-output>
        </test-method> <!-- afterSuite -->
      </class> <!-- ShoppingTests.TESTS_PurchaseGuest_NO_VAT -->
    </test> <!-- Default test -->
  </suite> <!-- Default suite -->
</testng-results>
