<?xml version="1.0" encoding="UTF-8"?>
<testsuite name="Test"
           tests="5"
           failures="0"
           errors="0"
           skipped="0"
           time="4.466">
  <properties />
  
  
            <testcase name="loginInvalid" time="0.877" classname="zeroBankTests.LoginInvalid" />
                <testcase name="loginInvalid" time="0.880" classname="zeroBankTests.LoginInvalid" />
                <testcase name="loginInvalid" time="0.867" classname="zeroBankTests.LoginInvalid" />
                <testcase name="loginInvalid" time="0.845" classname="zeroBankTests.LoginInvalid" />
                <testcase name="loginInvalid" time="0.997" classname="zeroBankTests.LoginInvalid" />
      
</testsuite>
