<?xml version="1.0" encoding="UTF-8"?>
<!-- Generated by org.testng.reporters.JUnitXMLReporter -->
<testsuite ignored="6" hostname="NUV-5CG1152V3W" failures="1" tests="10" name=" Different Calculations" time="152.069" errors="0" timestamp="2023-06-12T18:02:40 EEST">
  <testcase classname="ShoppingTests.DifferentCalculations" name="t1_calculationsWithVAT_Country" time="17.777"/>
  <testcase classname="ShoppingTests.DifferentCalculations" name="t2_calculationsWithoutVAT_Country" time="17.934"/>
  <testcase classname="ShoppingTests.DifferentCalculations" name="t3_FacadeRegisteredAccountNoVAT" time="17.888"/>
  <testcase classname="ShoppingTests.DifferentCalculations" name="t4_FacadeGuestAccount" time="17.937"/>
  <testcase classname="ShoppingTests.DifferentCalculations" name="t4_FacadeGuestAccountShippingAddress" time="19.577">
    <failure type="java.lang.AssertionError" message="expected [101.0] but found [123.2]">
      <![CDATA[java.lang.AssertionError: expected [101.0] but found [123.2]
at Pages.FascadePage.assertionsNoVat(FascadePage.java:211)
at ShoppingTests.DifferentCalculations.t4_FacadeGuestAccountShippingAddress(DifferentCalculations.java:333)
at java.base/java.util.ArrayList.forEach(ArrayList.java:1511)
... Removed 31 stack frames]]>
    </failure>
  </testcase> <!-- t4_FacadeGuestAccountShippingAddress -->
  <testcase classname="ShoppingTests.DifferentCalculations" name="t5_FacadeGuestAccountShippingAddressWithVAT" time="17.418"/>
  <testcase classname="ShoppingTests.TESTS_HomePageDP" name="t3_search_ProductInTheSearchFieldAndVerifyResults" time="5.016"/>
  <testcase classname="ShoppingTests.TESTS_HomePageDP" name="t3_search_ProductInTheSearchFieldAndVerifyResults" time="7.062"/>
  <testcase classname="ShoppingTests.TESTS_AddRemoveMultipleItems" name="t2_shopingCart_AddMultipleItemsVerification" time="7.825"/>
  <testcase classname="ShoppingTests.TESTS_AddRemoveItem" name="t1_shoppingCartVerificationAndRemoveProducts" time="11.772"/>
  <testcase classname="Utils.TestUtil" name="@BeforeSuite beforeSuite" time="0.0">
    <ignored/>
  </testcase> <!-- @BeforeSuite beforeSuite -->
  <testcase classname="Utils.TestUtil" name="@BeforeSuite beforeSuite" time="0.0">
    <ignored/>
  </testcase> <!-- @BeforeSuite beforeSuite -->
  <testcase classname="Utils.TestUtil" name="@BeforeSuite beforeSuite" time="0.0">
    <ignored/>
  </testcase> <!-- @BeforeSuite beforeSuite -->
  <testcase classname="Utils.TestUtil" name="@AfterSuite afterSuite" time="0.0">
    <ignored/>
  </testcase> <!-- @AfterSuite afterSuite -->
  <testcase classname="Utils.TestUtil" name="@AfterSuite afterSuite" time="0.0">
    <ignored/>
  </testcase> <!-- @AfterSuite afterSuite -->
  <testcase classname="Utils.TestUtil" name="@AfterSuite afterSuite" time="0.0">
    <ignored/>
  </testcase> <!-- @AfterSuite afterSuite -->
</testsuite> <!--  Different Calculations -->
