<?xml version="1.0" encoding="UTF-8"?>
<!-- Generated by org.testng.reporters.JUnitXMLReporter -->
<testsuite ignored="0" hostname="LAPTOP-DELL" failures="0" tests="2" name="Add / Remove Items tests" time="13.031" errors="0" timestamp="2023-01-30T15:25:51 EET">
  <testcase classname="ShoppingTests.TESTS_ShoppingCartAddRemoveItems" name="t1_shoppingCartVerificationAndRemoveProducts" time="6.995"/>
  <testcase classname="ShoppingTests.TESTS_ShoppingCartAddRemoveItems" name="t2_shopingCart_AddMultipleItemsVerification" time="4.999"/>
</testsuite> <!-- Add / Remove Items tests -->
