<?xml version="1.0" encoding="UTF-8"?>
<!-- Generated by org.testng.reporters.JUnitXMLReporter -->
<testsuite ignored="0" hostname="LAPTOP-DELL" failures="0" tests="4" name="Home Page Tests - CSV" time="5.205" errors="0" timestamp="2023-01-30T23:05:34 EET">
  <testcase classname="ShoppingTests.TESTS_HomePageCSV" name="dbg" time="0.002"/>
  <testcase classname="ShoppingTests.TESTS_HomePageCSV" name="dbg" time="0.001"/>
  <testcase classname="ShoppingTests.TESTS_HomePageCSV" name="t2_csvTest" time="2.884"/>
  <testcase classname="ShoppingTests.TESTS_HomePageCSV" name="t2_csvTest" time="1.392"/>
</testsuite> <!-- Home Page Tests - CSV -->
