<?xml version="1.0" encoding="UTF-8"?>
<!-- Generated by org.testng.reporters.JUnitXMLReporter -->
<testsuite ignored="0" hostname="LAPTOP-DELL" failures="0" tests="2" name="Home Page Tests - Data Provider" time="8.168" errors="0" timestamp="2023-01-30T23:05:42 EET">
  <testcase classname="ShoppingTests.TESTS_HomePageDP" name="t3_search_ProductInTheSearchFieldAndVerifyResults" time="4.302"/>
  <testcase classname="ShoppingTests.TESTS_HomePageDP" name="t3_search_ProductInTheSearchFieldAndVerifyResults" time="3.008"/>
</testsuite> <!-- Home Page Tests - Data Provider -->
