<?xml version="1.0" encoding="UTF-8"?>
<!-- Generated by org.testng.reporters.JUnitXMLReporter -->
<testsuite ignored="0" hostname="NUV-5CG1152V3W" failures="0" tests="4" name="Home Page Tests - CSV" time="6.297" errors="0" timestamp="2023-05-29T15:21:37 EEST">
  <testcase classname="ShoppingTests.TESTS_HomePageCSV" name="dbg" time="0.002"/>
  <testcase classname="ShoppingTests.TESTS_HomePageCSV" name="dbg" time="0.001"/>
  <testcase classname="ShoppingTests.TESTS_HomePageCSV" name="t2_csvTest" time="3.49"/>
  <testcase classname="ShoppingTests.TESTS_HomePageCSV" name="t2_csvTest" time="1.507"/>
</testsuite> <!-- Home Page Tests - CSV -->
