<?xml version="1.0" encoding="UTF-8"?>
<!-- Generated by org.testng.reporters.JUnitXMLReporter -->
<testsuite ignored="0" hostname="NUV-5CG1152V3W" failures="0" tests="1" name="Purchase - Registered Account from country Not having VAT" time="46.362" errors="0" timestamp="2023-05-29T15:23:47 EEST">
  <testcase classname="ShoppingTests.TESTS_PurchaseRegisteredAccount_NO_VAT" name="CheckoutItem_Without_VAT" time="45.169"/>
</testsuite> <!-- Purchase - Registered Account from country Not having VAT -->
