<?xml version="1.0" encoding="UTF-8"?>
<!-- Generated by org.testng.reporters.JUnitXMLReporter -->
<testsuite ignored="0" hostname="LAPTOP-DELL" failures="0" tests="1" name="Purchase - Registered Account from country Not having VAT" time="39.126" errors="0" timestamp="2023-01-30T23:07:13 EET">
  <testcase classname="ShoppingTests.TESTS_PurchaseRegisteredAccount_NO_VAT" name="CheckoutItem_Without_VAT" time="38.174"/>
</testsuite> <!-- Purchase - Registered Account from country Not having VAT -->
