<?xml version="1.0" encoding="UTF-8"?>
<!-- Generated by org.testng.reporters.JUnitXMLReporter -->
<testsuite ignored="1" hostname="NUV-5CG1152V3W" failures="0" tests="4" name="Default test" time="63.111" errors="0" timestamp="2023-06-16T11:36:08 EEST">
  <testcase classname="ShoppingTests.DifferentCalculations" name="t1_calculations_VAT_YES_RegisteredAccount" time="17.202"/>
  <testcase classname="ShoppingTests.DifferentCalculations" name="t2_calculationsNO_VAT_RegisteredAccount" time="11.998"/>
  <testcase classname="ShoppingTests.DifferentCalculations" name="t3_facadeRegisteredAccountNoVAT" time="13.862"/>
  <testcase classname="ShoppingTests.DifferentCalculations" name="t4_fascadeCalculations_VAT_NO_GuestAccount" time="14.472"/>
  <testcase classname="ShoppingTests.DifferentCalculations" name="t5_facadeGuestAccountShippingAddress_VAT_NO" time="0.0">
    <ignored/>
  </testcase> <!-- t5_facadeGuestAccountShippingAddress_VAT_NO -->
</testsuite> <!-- Default test -->
